
> sunshin3-pro@1.0.0 dev
> electron . --dev

node:events:502
      throw er; // Unhandled 'error' event
      ^

Error: spawn /app/node_modules/electron/dist/electron.exe ENOENT
    at ChildProcess._handle.onexit (node:internal/child_process:285:19)
    at onErrorNT (node:internal/child_process:483:16)
    at process.processTicksAndRejections (node:internal/process/task_queues:82:21)
Emitted 'error' event on ChildProcess instance at:
    at ChildProcess._handle.onexit (node:internal/child_process:291:12)
    at onErrorNT (node:internal/child_process:483:16)
    at process.processTicksAndRejections (node:internal/process/task_queues:82:21) {
  errno: -2,
  code: 'ENOENT',
  syscall: 'spawn /app/node_modules/electron/dist/electron.exe',
  path: '/app/node_modules/electron/dist/electron.exe',
  spawnargs: [ '.', '--dev' ]
}

Node.js v20.19.2
